Determining if the pthread_create exist failed with the following output:
Change Dir: /home/u180120/ProjectWork/PCLWorkspace/build/CMakeFiles/CMakeTmp

Run Build Command:"/usr/bin/make" "cmTC_b6942/fast"
/usr/bin/make -f CMakeFiles/cmTC_b6942.dir/build.make CMakeFiles/cmTC_b6942.dir/build
make[1]: Entering directory '/home/u180120/ProjectWork/PCLWorkspace/build/CMakeFiles/CMakeTmp'
Building C object CMakeFiles/cmTC_b6942.dir/CheckSymbolExists.c.o
/usr/bin/cc     -o CMakeFiles/cmTC_b6942.dir/CheckSymbolExists.c.o   -c /home/u180120/ProjectWork/PCLWorkspace/build/CMakeFiles/CMakeTmp/CheckSymbolExists.c
Linking C executable cmTC_b6942
/usr/bin/cmake -E cmake_link_script CMakeFiles/cmTC_b6942.dir/link.txt --verbose=1
/usr/bin/cc       CMakeFiles/cmTC_b6942.dir/CheckSymbolExists.c.o  -o cmTC_b6942 -rdynamic 
CMakeFiles/cmTC_b6942.dir/CheckSymbolExists.c.o: In function `main':
CheckSymbolExists.c:(.text+0x16): undefined reference to `pthread_create'
collect2: error: ld returned 1 exit status
CMakeFiles/cmTC_b6942.dir/build.make:97: recipe for target 'cmTC_b6942' failed
make[1]: *** [cmTC_b6942] Error 1
make[1]: Leaving directory '/home/u180120/ProjectWork/PCLWorkspace/build/CMakeFiles/CMakeTmp'
Makefile:126: recipe for target 'cmTC_b6942/fast' failed
make: *** [cmTC_b6942/fast] Error 2

File /home/u180120/ProjectWork/PCLWorkspace/build/CMakeFiles/CMakeTmp/CheckSymbolExists.c:
/* */
#include <pthread.h>

int main(int argc, char** argv)
{
  (void)argv;
#ifndef pthread_create
  return ((int*)(&pthread_create))[argc];
#else
  (void)argc;
  return 0;
#endif
}

Determining if the function pthread_create exists in the pthreads failed with the following output:
Change Dir: /home/u180120/ProjectWork/PCLWorkspace/build/CMakeFiles/CMakeTmp

Run Build Command:"/usr/bin/make" "cmTC_092de/fast"
/usr/bin/make -f CMakeFiles/cmTC_092de.dir/build.make CMakeFiles/cmTC_092de.dir/build
make[1]: Entering directory '/home/u180120/ProjectWork/PCLWorkspace/build/CMakeFiles/CMakeTmp'
Building C object CMakeFiles/cmTC_092de.dir/CheckFunctionExists.c.o
/usr/bin/cc    -DCHECK_FUNCTION_EXISTS=pthread_create   -o CMakeFiles/cmTC_092de.dir/CheckFunctionExists.c.o   -c /usr/share/cmake-3.5/Modules/CheckFunctionExists.c
Linking C executable cmTC_092de
/usr/bin/cmake -E cmake_link_script CMakeFiles/cmTC_092de.dir/link.txt --verbose=1
/usr/bin/cc   -DCHECK_FUNCTION_EXISTS=pthread_create    CMakeFiles/cmTC_092de.dir/CheckFunctionExists.c.o  -o cmTC_092de -rdynamic -lpthreads 
/usr/bin/ld: cannot find -lpthreads
collect2: error: ld returned 1 exit status
CMakeFiles/cmTC_092de.dir/build.make:97: recipe for target 'cmTC_092de' failed
make[1]: *** [cmTC_092de] Error 1
make[1]: Leaving directory '/home/u180120/ProjectWork/PCLWorkspace/build/CMakeFiles/CMakeTmp'
Makefile:126: recipe for target 'cmTC_092de/fast' failed
make: *** [cmTC_092de/fast] Error 2


